<html>
<head>
<title>TestNG:  Test 4</title>
<link href="../testng.css" rel="stylesheet" type="text/css" />
<link href="../my-testng.css" rel="stylesheet" type="text/css" />

<style type="text/css">
.log { display: none;} 
.stack-trace { display: none;} 
</style>
<script type="text/javascript">
<!--
function flip(e) {
  current = e.style.display;
  if (current == 'block') {
    e.style.display = 'none';
    return 0;
  }
  else {
    e.style.display = 'block';
    return 1;
  }
}

function toggleBox(szDivId, elem, msg1, msg2)
{
  var res = -1;  if (document.getElementById) {
    res = flip(document.getElementById(szDivId));
  }
  else if (document.all) {
    // this is the way old msie versions work
    res = flip(document.all[szDivId]);
  }
  if(elem) {
    if(res == 0) elem.innerHTML = msg1; else elem.innerHTML = msg2;
  }

}

function toggleAllBoxes() {
  if (document.getElementsByTagName) {
    d = document.getElementsByTagName('div');
    for (i = 0; i < d.length; i++) {
      if (d[i].className == 'log') {
        flip(d[i]);
      }
    }
  }
}

// -->
</script>

</head>
<body>
<h2 align='center'>Test 4</h2><table border='1' align="center">
<tr>
<td>Tests passed/Failed/Skipped:</td><td>1/0/4</td>
</tr><tr>
<td>Started on:</td><td>Wed Aug 10 03:23:29 ADT 2016</td>
</tr>
<tr><td>Total time:</td><td>333 seconds (333563 ms)</td>
</tr><tr>
<td>Included groups:</td><td></td>
</tr><tr>
<td>Excluded groups:</td><td></td>
</tr>
</table><p/>
<small><i>(Hover the method name to see the test class name)</i></small><p/>
<table width='100%' border='1' class='invocation-passed'>
<tr><td colspan='4' align='center'><b>PASSED TESTS</b></td></tr>
<tr><td><b>Test method</b></td>
<td width="30%"><b>Exception</b></td>
<td width="10%"><b>Time (seconds)</b></td>
<td><b>Instance</b></td>
</tr>
<tr>
<td title='com.maax.businessmanager.common.Certificate_Add.certificateadd()'><b>certificateadd</b><br>Test class: com.maax.businessmanager.common.Certificate_Add<br>Parameters: {beneficary_relation=Self, policy=09420 (MEDAVIE), Certificate_number=000000003, Class=01: Sample class description, postal_code=T1C 1E2, Password=Welcome1, Username=bcchase, Member_LastName=Romganaikaloo, City=Lake City, Subdivision=, Adress_type=Home Address, Address_line_1=Temple Street, Member_DOB=01-05-1972, RiskFactor=Risk 1 - YM, Sal_amount=4500.0, Division=001, Employment_type=Full Time Salary, hiredate=01-04-2013, job_titile=SYS ANALYST, Income_freq=Monthly, Plan=NKPLMBC:NKPLMBC SAMPLE, Province=Alberta, Number_of_hours=40.0, beneficiary_ls=HSTESTABJLS, Designated date=01-01-2000, Runmode=Y, Province_of_Billing=Alberta, Country=Canada, correspondence_laun=English, Occupation_code=YA-Construction, beneficary_percentage=100.0, Column_to_search=Group Legal Name, Result=, Application_date=01-04-2013, Group_Legal_name=NKMBCGRP, Member_Gender=Male, number_of_units=10.0, Family_Category=Single, Member_FirstName=Vargaret-Catherine, Browser=Firefox, Income_type=Salary}</td>
<td></td>
<td>332</td>
<td>com.maax.businessmanager.common.Certificate_Add@17550481</td></tr>
</table><p>
<table width='100%' border='1' class='invocation-skipped'>
<tr><td colspan='4' align='center'><b>SKIPPED TESTS</b></td></tr>
<tr><td><b>Test method</b></td>
<td width="30%"><b>Exception</b></td>
<td width="10%"><b>Time (seconds)</b></td>
<td><b>Instance</b></td>
</tr>
<tr>
<td title='com.maax.businessmanager.common.Certificate_Add.certificateadd()'><b>certificateadd</b><br>Test class: com.maax.businessmanager.common.Certificate_Add<br>Parameters: {beneficary_relation=Self, policy=09420 (MEDAVIE), Certificate_number=000000005, Class=01: Sample class description, postal_code=L1C 1E2, Password=Welcome1, Username=bcchase, Member_LastName=Happy-New-Year-Too, City=Toronto, Subdivision=, Adress_type=Home Address, Address_line_1=Temple Street, Member_DOB=01-04-1973, RiskFactor=Risk 1 - YM, Sal_amount=4500.0, Division=001, Employment_type=Full Time Salary, hiredate=01-04-2013, job_titile=SYS ANALYST, Income_freq=Monthly, Plan=NKPLMBC:NKPLMBC SAMPLE, Province=Ontario, Number_of_hours=40.0, beneficiary_ls=HSTESTABJLS, Designated date=01-01-2000, Runmode=N, Province_of_Billing=Ontario, Country=Canada, correspondence_laun=English, Occupation_code=YA-Construction, beneficary_percentage=100.0, Column_to_search=Group Legal Name, Result=, Application_date=01-04-2013, Group_Legal_name=NKMBCGRP, Member_Gender=Male, number_of_units=10.0, Family_Category=Single, Member_FirstName=Geliz-Navidad, Browser=Firefox, Income_type=Salary}</td>
<td><div><pre>org.testng.SkipException: Test case is configured as No
	at com.maax.businessmanager.util.TestBase.checkrunmodes(TestBase.java:79)
	at com.maax.businessmanager.util.TestBase.init(TestBase.java:56)
	at com.maax.businessmanager.common.Certificate_Add.certificateadd(Certificate_Add.java:22)
	at java.util.concurrent.FutureTask.run(FutureTask.java:266)
	at java.util.concurrent.Executors$RunnableAdapter.call(Executors.java:511)
	at java.util.concurrent.FutureTask.run(FutureTask.java:266)
	at java.util.concurrent.ThreadPoolExecutor.runWorker(ThreadPoolExecutor.java:1142)
	at java.util.concurrent.ThreadPoolExecutor$Worker.run(ThreadPoolExecutor.java:617)
	at java.lang.Thread.run(Thread.java:745)
... Removed 9 stack frames</pre></div><a href='#' onClick='toggleBox("stack-trace318073221", this, "Click to show all stack frames", "Click to hide stack frames")'>Click to show all stack frames</a>
<div class='stack-trace' id='stack-trace318073221'><pre>org.testng.SkipException: Test case is configured as No
	at com.maax.businessmanager.util.TestBase.checkrunmodes(TestBase.java:79)
	at com.maax.businessmanager.util.TestBase.init(TestBase.java:56)
	at com.maax.businessmanager.common.Certificate_Add.certificateadd(Certificate_Add.java:22)
	at sun.reflect.NativeMethodAccessorImpl.invoke0(Native Method)
	at sun.reflect.NativeMethodAccessorImpl.invoke(NativeMethodAccessorImpl.java:62)
	at sun.reflect.DelegatingMethodAccessorImpl.invoke(DelegatingMethodAccessorImpl.java:43)
	at java.lang.reflect.Method.invoke(Method.java:483)
	at org.testng.internal.MethodInvocationHelper.invokeMethod(MethodInvocationHelper.java:80)
	at org.testng.internal.Invoker.invokeMethod(Invoker.java:714)
	at org.testng.internal.Invoker.invokeTestMethod(Invoker.java:901)
	at org.testng.internal.TestMethodWithDataProviderMethodWorker.call(TestMethodWithDataProviderMethodWorker.java:73)
	at org.testng.internal.TestMethodWithDataProviderMethodWorker.call(TestMethodWithDataProviderMethodWorker.java:14)
	at java.util.concurrent.FutureTask.run(FutureTask.java:266)
	at java.util.concurrent.Executors$RunnableAdapter.call(Executors.java:511)
	at java.util.concurrent.FutureTask.run(FutureTask.java:266)
	at java.util.concurrent.ThreadPoolExecutor.runWorker(ThreadPoolExecutor.java:1142)
	at java.util.concurrent.ThreadPoolExecutor$Worker.run(ThreadPoolExecutor.java:617)
	at java.lang.Thread.run(Thread.java:745)
</pre></div></td>
<td>0</td>
<td>com.maax.businessmanager.common.Certificate_Add@17550481</td></tr>
<tr>
<td title='com.maax.businessmanager.common.Certificate_Add.certificateadd()'><b>certificateadd</b><br>Test class: com.maax.businessmanager.common.Certificate_Add<br>Parameters: {beneficary_relation=Self, policy=09420 (MEDAVIE), Certificate_number=000000005, Class=01: Sample class description, postal_code=A1C 1E2, Password=Welcome1, Username=bcchase, Member_LastName=Trenholm, City=Lake city, Subdivision=, Adress_type=Home Address, Address_line_1=Temple Street, Member_DOB=01-07-1970, RiskFactor=Risk 1 - YM, Sal_amount=4500.0, Division=001, Employment_type=Full Time Salary, hiredate=01-04-2013, job_titile=SYS ANALYST, Income_freq=Monthly, Plan=NKPLMBC:NKPLMBC SAMPLE, Province=NFLD & Labrador, Number_of_hours=40.0, beneficiary_ls=HSTESTABJLS, Designated date=01-01-2000, Runmode=N, Province_of_Billing=NFLD & Labrador, Country=Canada, correspondence_laun=English, Occupation_code=YA-Construction, beneficary_percentage=100.0, Column_to_search=Group Legal Name, Result=, Application_date=01-04-2013, Group_Legal_name=NKMBCGRP, Member_Gender=Male, number_of_units=10.0, Family_Category=Single, Member_FirstName=Kasper, Browser=Firefox, Income_type=Salary}</td>
<td><div><pre>org.testng.SkipException: Test case is configured as No
	at com.maax.businessmanager.util.TestBase.checkrunmodes(TestBase.java:79)
	at com.maax.businessmanager.util.TestBase.init(TestBase.java:56)
	at com.maax.businessmanager.common.Certificate_Add.certificateadd(Certificate_Add.java:22)
	at java.util.concurrent.FutureTask.run(FutureTask.java:266)
	at java.util.concurrent.Executors$RunnableAdapter.call(Executors.java:511)
	at java.util.concurrent.FutureTask.run(FutureTask.java:266)
	at java.util.concurrent.ThreadPoolExecutor.runWorker(ThreadPoolExecutor.java:1142)
	at java.util.concurrent.ThreadPoolExecutor$Worker.run(ThreadPoolExecutor.java:617)
	at java.lang.Thread.run(Thread.java:745)
... Removed 9 stack frames</pre></div><a href='#' onClick='toggleBox("stack-trace577411078", this, "Click to show all stack frames", "Click to hide stack frames")'>Click to show all stack frames</a>
<div class='stack-trace' id='stack-trace577411078'><pre>org.testng.SkipException: Test case is configured as No
	at com.maax.businessmanager.util.TestBase.checkrunmodes(TestBase.java:79)
	at com.maax.businessmanager.util.TestBase.init(TestBase.java:56)
	at com.maax.businessmanager.common.Certificate_Add.certificateadd(Certificate_Add.java:22)
	at sun.reflect.NativeMethodAccessorImpl.invoke0(Native Method)
	at sun.reflect.NativeMethodAccessorImpl.invoke(NativeMethodAccessorImpl.java:62)
	at sun.reflect.DelegatingMethodAccessorImpl.invoke(DelegatingMethodAccessorImpl.java:43)
	at java.lang.reflect.Method.invoke(Method.java:483)
	at org.testng.internal.MethodInvocationHelper.invokeMethod(MethodInvocationHelper.java:80)
	at org.testng.internal.Invoker.invokeMethod(Invoker.java:714)
	at org.testng.internal.Invoker.invokeTestMethod(Invoker.java:901)
	at org.testng.internal.TestMethodWithDataProviderMethodWorker.call(TestMethodWithDataProviderMethodWorker.java:73)
	at org.testng.internal.TestMethodWithDataProviderMethodWorker.call(TestMethodWithDataProviderMethodWorker.java:14)
	at java.util.concurrent.FutureTask.run(FutureTask.java:266)
	at java.util.concurrent.Executors$RunnableAdapter.call(Executors.java:511)
	at java.util.concurrent.FutureTask.run(FutureTask.java:266)
	at java.util.concurrent.ThreadPoolExecutor.runWorker(ThreadPoolExecutor.java:1142)
	at java.util.concurrent.ThreadPoolExecutor$Worker.run(ThreadPoolExecutor.java:617)
	at java.lang.Thread.run(Thread.java:745)
</pre></div></td>
<td>0</td>
<td>com.maax.businessmanager.common.Certificate_Add@17550481</td></tr>
<tr>
<td title='com.maax.businessmanager.common.Certificate_Add.certificateadd()'><b>certificateadd</b><br>Test class: com.maax.businessmanager.common.Certificate_Add<br>Parameters: {beneficary_relation=Self, policy=09420 (MEDAVIE), Certificate_number=000000004, Class=01: Sample class description, postal_code=V1C 1E2, Password=Welcome1, Username=bcchase, Member_LastName=Saulnier Levesque, City=Vancouver, Subdivision=, Adress_type=Home Address, Address_line_1=Temple Street, Member_DOB=01-05-1976, RiskFactor=Risk 1 - YM, Sal_amount=4500.0, Division=001, Employment_type=Full Time Salary, hiredate=01-05-2013, job_titile=SYS ANALYST, Income_freq=Monthly, Plan=NKPLMBC:NKPLMBC SAMPLE, Province=British Columbia, Number_of_hours=40.0, beneficiary_ls=HSTESTABJLS, Designated date=01-01-2000, Runmode=N, Province_of_Billing=British Columbia, Country=Canada, correspondence_laun=English, Occupation_code=YA-Construction, beneficary_percentage=100.0, Column_to_search=Group Legal Name, Result=, Application_date=01-05-2013, Group_Legal_name=NKMBCGRP, Member_Gender=Male, number_of_units=10.0, Family_Category=Single, Member_FirstName=Dhristabelladoux, Browser=Firefox, Income_type=Salary}</td>
<td><div><pre>org.testng.SkipException: Test case is configured as No
	at com.maax.businessmanager.util.TestBase.checkrunmodes(TestBase.java:79)
	at com.maax.businessmanager.util.TestBase.init(TestBase.java:56)
	at com.maax.businessmanager.common.Certificate_Add.certificateadd(Certificate_Add.java:22)
	at java.util.concurrent.FutureTask.run(FutureTask.java:266)
	at java.util.concurrent.Executors$RunnableAdapter.call(Executors.java:511)
	at java.util.concurrent.FutureTask.run(FutureTask.java:266)
	at java.util.concurrent.ThreadPoolExecutor.runWorker(ThreadPoolExecutor.java:1142)
	at java.util.concurrent.ThreadPoolExecutor$Worker.run(ThreadPoolExecutor.java:617)
	at java.lang.Thread.run(Thread.java:745)
... Removed 9 stack frames</pre></div><a href='#' onClick='toggleBox("stack-trace230688113", this, "Click to show all stack frames", "Click to hide stack frames")'>Click to show all stack frames</a>
<div class='stack-trace' id='stack-trace230688113'><pre>org.testng.SkipException: Test case is configured as No
	at com.maax.businessmanager.util.TestBase.checkrunmodes(TestBase.java:79)
	at com.maax.businessmanager.util.TestBase.init(TestBase.java:56)
	at com.maax.businessmanager.common.Certificate_Add.certificateadd(Certificate_Add.java:22)
	at sun.reflect.NativeMethodAccessorImpl.invoke0(Native Method)
	at sun.reflect.NativeMethodAccessorImpl.invoke(NativeMethodAccessorImpl.java:62)
	at sun.reflect.DelegatingMethodAccessorImpl.invoke(DelegatingMethodAccessorImpl.java:43)
	at java.lang.reflect.Method.invoke(Method.java:483)
	at org.testng.internal.MethodInvocationHelper.invokeMethod(MethodInvocationHelper.java:80)
	at org.testng.internal.Invoker.invokeMethod(Invoker.java:714)
	at org.testng.internal.Invoker.invokeTestMethod(Invoker.java:901)
	at org.testng.internal.TestMethodWithDataProviderMethodWorker.call(TestMethodWithDataProviderMethodWorker.java:73)
	at org.testng.internal.TestMethodWithDataProviderMethodWorker.call(TestMethodWithDataProviderMethodWorker.java:14)
	at java.util.concurrent.FutureTask.run(FutureTask.java:266)
	at java.util.concurrent.Executors$RunnableAdapter.call(Executors.java:511)
	at java.util.concurrent.FutureTask.run(FutureTask.java:266)
	at java.util.concurrent.ThreadPoolExecutor.runWorker(ThreadPoolExecutor.java:1142)
	at java.util.concurrent.ThreadPoolExecutor$Worker.run(ThreadPoolExecutor.java:617)
	at java.lang.Thread.run(Thread.java:745)
</pre></div></td>
<td>0</td>
<td>com.maax.businessmanager.common.Certificate_Add@17550481</td></tr>
<tr>
<td title='com.maax.businessmanager.common.Certificate_Add.certificateadd()'><b>certificateadd</b><br>Test class: com.maax.businessmanager.common.Certificate_Add<br>Parameters: {beneficary_relation=Self, policy=09420 (MEDAVIE), Certificate_number=000000005, Class=01: Sample class description, postal_code=E1C 1E2, Password=Welcome1, Username=bcchase, Member_LastName=Maxwell-Robbins, City=Moncton, Subdivision=, Adress_type=Home Address, Address_line_1=Temple Street, Member_DOB=01-04-1973, RiskFactor=Risk 1 - YM, Sal_amount=4500.0, Division=001, Employment_type=Full Time Salary, hiredate=02-04-2013, job_titile=SYS ANALYST, Income_freq=Monthly, Plan=NKPLMBC:NKPLMBC SAMPLE, Province=New Brunswick, Number_of_hours=40.0, beneficiary_ls=HSTESTABJLS, Designated date=01-01-2000, Runmode=N, Province_of_Billing=New Brunswick, Country=Canada, correspondence_laun=English, Occupation_code=YA-Construction, beneficary_percentage=100.0, Column_to_search=Group Legal Name, Result=, Application_date=02-04-2013, Group_Legal_name=NKMBCGRP, Member_Gender=Male, number_of_units=10.0, Family_Category=Single, Member_FirstName=Cobbi-Jo , Browser=Firefox, Income_type=Salary}</td>
<td><div><pre>org.testng.SkipException: Test case is configured as No
	at com.maax.businessmanager.util.TestBase.checkrunmodes(TestBase.java:79)
	at com.maax.businessmanager.util.TestBase.init(TestBase.java:56)
	at com.maax.businessmanager.common.Certificate_Add.certificateadd(Certificate_Add.java:22)
	at java.util.concurrent.FutureTask.run(FutureTask.java:266)
	at java.util.concurrent.Executors$RunnableAdapter.call(Executors.java:511)
	at java.util.concurrent.FutureTask.run(FutureTask.java:266)
	at java.util.concurrent.ThreadPoolExecutor.runWorker(ThreadPoolExecutor.java:1142)
	at java.util.concurrent.ThreadPoolExecutor$Worker.run(ThreadPoolExecutor.java:617)
	at java.lang.Thread.run(Thread.java:745)
... Removed 9 stack frames</pre></div><a href='#' onClick='toggleBox("stack-trace1786937548", this, "Click to show all stack frames", "Click to hide stack frames")'>Click to show all stack frames</a>
<div class='stack-trace' id='stack-trace1786937548'><pre>org.testng.SkipException: Test case is configured as No
	at com.maax.businessmanager.util.TestBase.checkrunmodes(TestBase.java:79)
	at com.maax.businessmanager.util.TestBase.init(TestBase.java:56)
	at com.maax.businessmanager.common.Certificate_Add.certificateadd(Certificate_Add.java:22)
	at sun.reflect.NativeMethodAccessorImpl.invoke0(Native Method)
	at sun.reflect.NativeMethodAccessorImpl.invoke(NativeMethodAccessorImpl.java:62)
	at sun.reflect.DelegatingMethodAccessorImpl.invoke(DelegatingMethodAccessorImpl.java:43)
	at java.lang.reflect.Method.invoke(Method.java:483)
	at org.testng.internal.MethodInvocationHelper.invokeMethod(MethodInvocationHelper.java:80)
	at org.testng.internal.Invoker.invokeMethod(Invoker.java:714)
	at org.testng.internal.Invoker.invokeTestMethod(Invoker.java:901)
	at org.testng.internal.TestMethodWithDataProviderMethodWorker.call(TestMethodWithDataProviderMethodWorker.java:73)
	at org.testng.internal.TestMethodWithDataProviderMethodWorker.call(TestMethodWithDataProviderMethodWorker.java:14)
	at java.util.concurrent.FutureTask.run(FutureTask.java:266)
	at java.util.concurrent.Executors$RunnableAdapter.call(Executors.java:511)
	at java.util.concurrent.FutureTask.run(FutureTask.java:266)
	at java.util.concurrent.ThreadPoolExecutor.runWorker(ThreadPoolExecutor.java:1142)
	at java.util.concurrent.ThreadPoolExecutor$Worker.run(ThreadPoolExecutor.java:617)
	at java.lang.Thread.run(Thread.java:745)
</pre></div></td>
<td>0</td>
<td>com.maax.businessmanager.common.Certificate_Add@17550481</td></tr>
</table><p>
</body>
</html>