<!DOCTYPE html PUBLIC "-//W3C//DTD XHTML 1.1//EN" "http://www.w3.org/TR/xhtml11/DTD/xhtml11.dtd">
<html xmlns="http://www.w3.org/1999/xhtml"><head><title>TestNG Report</title><style type="text/css">table {margin-bottom:10px;border-collapse:collapse;empty-cells:show}th,td {border:1px solid #009;padding:.25em .5em}th {vertical-align:bottom}td {vertical-align:top}table a {font-weight:bold}.stripe td {background-color: #E6EBF9}.num {text-align:right}.passedodd td {background-color: #3F3}.passedeven td {background-color: #0A0}.skippedodd td {background-color: #DDD}.skippedeven td {background-color: #CCC}.failedodd td,.attn {background-color: #F33}.failedeven td,.stripe .attn {background-color: #D00}.stacktrace {white-space:pre;font-family:monospace}.totop {font-size:85%;text-align:center;border-bottom:2px solid #000}</style></head><body><table><tr><th>Test</th><th># Passed</th><th># Skipped</th><th># Failed</th><th>Time (ms)</th><th>Included Groups</th><th>Excluded Groups</th></tr><tr><th colspan="7">Default suite</th></tr><tr><td><a href="#t0">Default test</a></td><td class="num">0</td><td class="num attn">4</td><td class="num attn">1</td><td class="num">37,410</td><td></td><td></td></tr></table><table><thead><tr><th>Class</th><th>Method</th><th>Start</th><th>Time (ms)</th></tr></thead><tbody><tr><th colspan="4">Default suite</th></tr></tbody><tbody id="t0"><tr><th colspan="4">Default test &#8212; failed</th></tr><tr class="failedeven"><td rowspan="1">com.maax.businessmanager.common.Certificate_Add</td><td><a href="#m0">certificateadd</a></td><td rowspan="1">1470727057341</td><td rowspan="1">35678</td></tr><tr><th colspan="4">Default test &#8212; skipped</th></tr><tr class="skippedeven"><td rowspan="4">com.maax.businessmanager.common.Certificate_Add</td><td><a href="#m1">certificateadd</a></td><td rowspan="4">1470727093618</td><td rowspan="4">217</td></tr><tr class="skippedeven"><td><a href="#m2">certificateadd</a></td></tr><tr class="skippedeven"><td><a href="#m3">certificateadd</a></td></tr><tr class="skippedeven"><td><a href="#m4">certificateadd</a></td></tr></tbody></table><h2>Default test</h2><h3 id="m0">com.maax.businessmanager.common.Certificate_Add#certificateadd</h3><table class="result"><tr class="param"><th>Parameter #1</th></tr><tr class="param stripe"><td>{beneficary_relation=Self, policy=09420 (MEDAVIE), Certificate_number=000000003, Class=01: Sample class description, postal_code=T1C 1E2, Password=Welcome1, Username=bcchase, Member_LastName=Romganaikaloo, City=Lake City, Subdivision=, Adress_type=Home Address, Address_line_1=Temple Street, Member_DOB=01-05-1972, RiskFactor=Risk 1 - YM, Sal_amount=4500.0, Division=001, Employment_type=Full Time Salary, hiredate=01-04-2013, job_titile=SYS ANALYST, Income_freq=Monthly, Plan=0000003827: All Benefits, Province=Alberta, Number_of_hours=40.0, beneficiary_ls=HSTESTCMTESTWOZ, Designated date=01-01-2000, Runmode=Y, Province_of_Billing=Alberta, Country=Canada, correspondence_laun=English, Occupation_code=YA-Construction, beneficary_percentage=100.0, Column_to_search=Group Legal Name, Result=, Application_date=01-04-2013, Group_Legal_name=NKMBCGRP, Member_Gender=Male, number_of_units=10.0, Family_Category=Single, Member_FirstName=Margaret-Catherine, Browser=Firefox, Income_type=Salary}</td></tr><tr><th>Exception</th></tr><tr><td><div class="stacktrace">org.openqa.selenium.WebDriverException: Element is not clickable at point (785.2833251953125, 516.1000061035156). Other element would receive the click: &lt;td&gt;&lt;/td&gt;
Command duration or timeout: 69 milliseconds
Build info: version: &apos;2.53.0&apos;, revision: &apos;35ae25b1534ae328c771e0856c93e187490ca824&apos;, time: &apos;2016-03-15 10:43:46&apos;
System info: host: &apos;LMTN202461&apos;, ip: &apos;10.15.2.63&apos;, os.name: &apos;Windows 7&apos;, os.arch: &apos;amd64&apos;, os.version: &apos;6.1&apos;, java.version: &apos;1.8.0_91&apos;
Driver info: org.openqa.selenium.firefox.FirefoxDriver
Capabilities [{applicationCacheEnabled=true, rotatable=false, handlesAlerts=true, databaseEnabled=true, version=46.0.1, platform=WINDOWS, nativeEvents=false, acceptSslCerts=true, webStorageEnabled=true, locationContextEnabled=true, browserName=firefox, takesScreenshot=true, javascriptEnabled=true, cssSelectorsEnabled=true}]
Session ID: 54e7d578-da13-4fa6-bec8-13d078f7e57b
	at sun.reflect.NativeConstructorAccessorImpl.newInstance0(Native Method)
	at sun.reflect.NativeConstructorAccessorImpl.newInstance(Unknown Source)
	at sun.reflect.DelegatingConstructorAccessorImpl.newInstance(Unknown Source)
	at java.lang.reflect.Constructor.newInstance(Unknown Source)
	at org.openqa.selenium.remote.ErrorHandler.createThrowable(ErrorHandler.java:206)
	at org.openqa.selenium.remote.ErrorHandler.throwIfResponseFailed(ErrorHandler.java:158)
	at org.openqa.selenium.remote.RemoteWebDriver.execute(RemoteWebDriver.java:678)
	at org.openqa.selenium.remote.RemoteWebElement.execute(RemoteWebElement.java:327)
	at org.openqa.selenium.remote.RemoteWebElement.click(RemoteWebElement.java:85)
	at com.maax.businessmanager.util.TestBase.click(TestBase.java:91)
	at com.maax.businessmanager.common.Certificate_Add.certificateadd(Certificate_Add.java:61)
	at sun.reflect.NativeMethodAccessorImpl.invoke0(Native Method)
	at sun.reflect.NativeMethodAccessorImpl.invoke(Unknown Source)
	at sun.reflect.DelegatingMethodAccessorImpl.invoke(Unknown Source)
	at java.lang.reflect.Method.invoke(Unknown Source)
	at org.testng.internal.MethodInvocationHelper.invokeMethod(MethodInvocationHelper.java:84)
	at org.testng.internal.Invoker.invokeMethod(Invoker.java:714)
	at org.testng.internal.Invoker.invokeTestMethod(Invoker.java:901)
	at org.testng.internal.Invoker.invokeTestMethods(Invoker.java:1231)
	at org.testng.internal.TestMethodWorker.invokeTestMethods(TestMethodWorker.java:127)
	at org.testng.internal.TestMethodWorker.run(TestMethodWorker.java:111)
	at org.testng.TestRunner.privateRun(TestRunner.java:767)
	at org.testng.TestRunner.run(TestRunner.java:617)
	at org.testng.SuiteRunner.runTest(SuiteRunner.java:334)
	at org.testng.SuiteRunner.runSequentially(SuiteRunner.java:329)
	at org.testng.SuiteRunner.privateRun(SuiteRunner.java:291)
	at org.testng.SuiteRunner.run(SuiteRunner.java:240)
	at org.testng.SuiteRunnerWorker.runSuite(SuiteRunnerWorker.java:52)
	at org.testng.SuiteRunnerWorker.run(SuiteRunnerWorker.java:86)
	at org.testng.TestNG.runSuitesSequentially(TestNG.java:1224)
	at org.testng.TestNG.runSuitesLocally(TestNG.java:1149)
	at org.testng.TestNG.run(TestNG.java:1057)
	at org.testng.remote.RemoteTestNG.run(RemoteTestNG.java:111)
	at org.testng.remote.RemoteTestNG.initAndRun(RemoteTestNG.java:204)
	at org.testng.remote.RemoteTestNG.main(RemoteTestNG.java:175)
</div></td></tr></table><p class="totop"><a href="#summary">back to summary</a></p><h3 id="m1">com.maax.businessmanager.common.Certificate_Add#certificateadd</h3><table class="result"><tr class="param"><th>Parameter #1</th></tr><tr class="param stripe"><td>{beneficary_relation=Self, policy=09420 (MEDAVIE), Certificate_number=000000005, Class=01: Sample class description, postal_code=E1C 1E2, Password=Welcome1, Username=bcchase, Member_LastName=Maxwell-Robbins, City=Moncton, Subdivision=, Adress_type=Home Address, Address_line_1=Temple Street, Member_DOB=01-04-1973, RiskFactor=Risk 1 - YM, Sal_amount=4500.0, Division=001, Employment_type=Full Time Salary, hiredate=02-04-2013, job_titile=SYS ANALYST, Income_freq=Monthly, Plan=0000003827: All Benefits, Province=New Brunswick, Number_of_hours=40.0, beneficiary_ls=HSTESTCMTESTFOURZ, Designated date=01-01-2000, Runmode=N, Province_of_Billing=New Brunswick, Country=Canada, correspondence_laun=English, Occupation_code=YA-Construction, beneficary_percentage=100.0, Column_to_search=Group Legal Name, Result=, Application_date=02-04-2013, Group_Legal_name=NKMBCGRP, Member_Gender=Male, number_of_units=10.0, Family_Category=Single, Member_FirstName=Bobbi-Jo , Browser=Firefox, Income_type=Salary}</td></tr><tr><th>Exception</th></tr><tr><td><div class="stacktrace">org.testng.SkipException: Test case is configured as No
	at com.maax.businessmanager.util.TestBase.checkrunmodes(TestBase.java:79)
	at com.maax.businessmanager.util.TestBase.init(TestBase.java:56)
	at com.maax.businessmanager.common.Certificate_Add.certificateadd(Certificate_Add.java:22)
	at sun.reflect.NativeMethodAccessorImpl.invoke0(Native Method)
	at sun.reflect.NativeMethodAccessorImpl.invoke(Unknown Source)
	at sun.reflect.DelegatingMethodAccessorImpl.invoke(Unknown Source)
	at java.lang.reflect.Method.invoke(Unknown Source)
	at org.testng.internal.MethodInvocationHelper.invokeMethod(MethodInvocationHelper.java:84)
	at org.testng.internal.Invoker.invokeMethod(Invoker.java:714)
	at org.testng.internal.Invoker.invokeTestMethod(Invoker.java:901)
	at org.testng.internal.Invoker.invokeTestMethods(Invoker.java:1231)
	at org.testng.internal.TestMethodWorker.invokeTestMethods(TestMethodWorker.java:127)
	at org.testng.internal.TestMethodWorker.run(TestMethodWorker.java:111)
	at org.testng.TestRunner.privateRun(TestRunner.java:767)
	at org.testng.TestRunner.run(TestRunner.java:617)
	at org.testng.SuiteRunner.runTest(SuiteRunner.java:334)
	at org.testng.SuiteRunner.runSequentially(SuiteRunner.java:329)
	at org.testng.SuiteRunner.privateRun(SuiteRunner.java:291)
	at org.testng.SuiteRunner.run(SuiteRunner.java:240)
	at org.testng.SuiteRunnerWorker.runSuite(SuiteRunnerWorker.java:52)
	at org.testng.SuiteRunnerWorker.run(SuiteRunnerWorker.java:86)
	at org.testng.TestNG.runSuitesSequentially(TestNG.java:1224)
	at org.testng.TestNG.runSuitesLocally(TestNG.java:1149)
	at org.testng.TestNG.run(TestNG.java:1057)
	at org.testng.remote.RemoteTestNG.run(RemoteTestNG.java:111)
	at org.testng.remote.RemoteTestNG.initAndRun(RemoteTestNG.java:204)
	at org.testng.remote.RemoteTestNG.main(RemoteTestNG.java:175)
</div></td></tr></table><p class="totop"><a href="#summary">back to summary</a></p><h3 id="m2">com.maax.businessmanager.common.Certificate_Add#certificateadd</h3><table class="result"><tr class="param"><th>Parameter #1</th></tr><tr class="param stripe"><td>{beneficary_relation=Self, policy=09420 (MEDAVIE), Certificate_number=000000004, Class=01: Sample class description, postal_code=V1C 1E2, Password=Welcome1, Username=bcchase, Member_LastName=Saulnier Levesque, City=Vancouver, Subdivision=, Adress_type=Home Address, Address_line_1=Temple Street, Member_DOB=01-05-1976, RiskFactor=Risk 1 - YM, Sal_amount=4500.0, Division=001, Employment_type=Full Time Salary, hiredate=01-05-2013, job_titile=SYS ANALYST, Income_freq=Monthly, Plan=0000003827: All Benefits, Province=British Columbia, Number_of_hours=40.0, beneficiary_ls=HSTESTCMTESTTHREEZ, Designated date=01-01-2000, Runmode=N, Province_of_Billing=British Columbia, Country=Canada, correspondence_laun=English, Occupation_code=YA-Construction, beneficary_percentage=100.0, Column_to_search=Group Legal Name, Result=, Application_date=01-05-2013, Group_Legal_name=NKMBCGRP, Member_Gender=Male, number_of_units=10.0, Family_Category=Single, Member_FirstName=Christabelladoux, Browser=Firefox, Income_type=Salary}</td></tr><tr><th>Exception</th></tr><tr><td><div class="stacktrace">org.testng.SkipException: Test case is configured as No
	at com.maax.businessmanager.util.TestBase.checkrunmodes(TestBase.java:79)
	at com.maax.businessmanager.util.TestBase.init(TestBase.java:56)
	at com.maax.businessmanager.common.Certificate_Add.certificateadd(Certificate_Add.java:22)
	at sun.reflect.NativeMethodAccessorImpl.invoke0(Native Method)
	at sun.reflect.NativeMethodAccessorImpl.invoke(Unknown Source)
	at sun.reflect.DelegatingMethodAccessorImpl.invoke(Unknown Source)
	at java.lang.reflect.Method.invoke(Unknown Source)
	at org.testng.internal.MethodInvocationHelper.invokeMethod(MethodInvocationHelper.java:84)
	at org.testng.internal.Invoker.invokeMethod(Invoker.java:714)
	at org.testng.internal.Invoker.invokeTestMethod(Invoker.java:901)
	at org.testng.internal.Invoker.invokeTestMethods(Invoker.java:1231)
	at org.testng.internal.TestMethodWorker.invokeTestMethods(TestMethodWorker.java:127)
	at org.testng.internal.TestMethodWorker.run(TestMethodWorker.java:111)
	at org.testng.TestRunner.privateRun(TestRunner.java:767)
	at org.testng.TestRunner.run(TestRunner.java:617)
	at org.testng.SuiteRunner.runTest(SuiteRunner.java:334)
	at org.testng.SuiteRunner.runSequentially(SuiteRunner.java:329)
	at org.testng.SuiteRunner.privateRun(SuiteRunner.java:291)
	at org.testng.SuiteRunner.run(SuiteRunner.java:240)
	at org.testng.SuiteRunnerWorker.runSuite(SuiteRunnerWorker.java:52)
	at org.testng.SuiteRunnerWorker.run(SuiteRunnerWorker.java:86)
	at org.testng.TestNG.runSuitesSequentially(TestNG.java:1224)
	at org.testng.TestNG.runSuitesLocally(TestNG.java:1149)
	at org.testng.TestNG.run(TestNG.java:1057)
	at org.testng.remote.RemoteTestNG.run(RemoteTestNG.java:111)
	at org.testng.remote.RemoteTestNG.initAndRun(RemoteTestNG.java:204)
	at org.testng.remote.RemoteTestNG.main(RemoteTestNG.java:175)
</div></td></tr></table><p class="totop"><a href="#summary">back to summary</a></p><h3 id="m3">com.maax.businessmanager.common.Certificate_Add#certificateadd</h3><table class="result"><tr class="param"><th>Parameter #1</th></tr><tr class="param stripe"><td>{beneficary_relation=Self, policy=09420 (MEDAVIE), Certificate_number=000000005, Class=01: Sample class description, postal_code=A1C 1E2, Password=Welcome1, Username=bcchase, Member_LastName=Trenholm, City=Lake city, Subdivision=, Adress_type=Home Address, Address_line_1=Temple Street, Member_DOB=01-07-1970, RiskFactor=Risk 1 - YM, Sal_amount=4500.0, Division=001, Employment_type=Full Time Salary, hiredate=01-04-2013, job_titile=SYS ANALYST, Income_freq=Monthly, Plan=0000003827: All Benefits, Province=NFLD &amp; Labrador, Number_of_hours=40.0, beneficiary_ls=HSTESTCMTESTFOURZ, Designated date=01-01-2000, Runmode=N, Province_of_Billing=NFLD &amp; Labrador, Country=Canada, correspondence_laun=English, Occupation_code=YA-Construction, beneficary_percentage=100.0, Column_to_search=Group Legal Name, Result=, Application_date=01-04-2013, Group_Legal_name=NKMBCGRP, Member_Gender=Male, number_of_units=10.0, Family_Category=Single, Member_FirstName=Jasper, Browser=Firefox, Income_type=Salary}</td></tr><tr><th>Exception</th></tr><tr><td><div class="stacktrace">org.testng.SkipException: Test case is configured as No
	at com.maax.businessmanager.util.TestBase.checkrunmodes(TestBase.java:79)
	at com.maax.businessmanager.util.TestBase.init(TestBase.java:56)
	at com.maax.businessmanager.common.Certificate_Add.certificateadd(Certificate_Add.java:22)
	at sun.reflect.NativeMethodAccessorImpl.invoke0(Native Method)
	at sun.reflect.NativeMethodAccessorImpl.invoke(Unknown Source)
	at sun.reflect.DelegatingMethodAccessorImpl.invoke(Unknown Source)
	at java.lang.reflect.Method.invoke(Unknown Source)
	at org.testng.internal.MethodInvocationHelper.invokeMethod(MethodInvocationHelper.java:84)
	at org.testng.internal.Invoker.invokeMethod(Invoker.java:714)
	at org.testng.internal.Invoker.invokeTestMethod(Invoker.java:901)
	at org.testng.internal.Invoker.invokeTestMethods(Invoker.java:1231)
	at org.testng.internal.TestMethodWorker.invokeTestMethods(TestMethodWorker.java:127)
	at org.testng.internal.TestMethodWorker.run(TestMethodWorker.java:111)
	at org.testng.TestRunner.privateRun(TestRunner.java:767)
	at org.testng.TestRunner.run(TestRunner.java:617)
	at org.testng.SuiteRunner.runTest(SuiteRunner.java:334)
	at org.testng.SuiteRunner.runSequentially(SuiteRunner.java:329)
	at org.testng.SuiteRunner.privateRun(SuiteRunner.java:291)
	at org.testng.SuiteRunner.run(SuiteRunner.java:240)
	at org.testng.SuiteRunnerWorker.runSuite(SuiteRunnerWorker.java:52)
	at org.testng.SuiteRunnerWorker.run(SuiteRunnerWorker.java:86)
	at org.testng.TestNG.runSuitesSequentially(TestNG.java:1224)
	at org.testng.TestNG.runSuitesLocally(TestNG.java:1149)
	at org.testng.TestNG.run(TestNG.java:1057)
	at org.testng.remote.RemoteTestNG.run(RemoteTestNG.java:111)
	at org.testng.remote.RemoteTestNG.initAndRun(RemoteTestNG.java:204)
	at org.testng.remote.RemoteTestNG.main(RemoteTestNG.java:175)
</div></td></tr></table><p class="totop"><a href="#summary">back to summary</a></p><h3 id="m4">com.maax.businessmanager.common.Certificate_Add#certificateadd</h3><table class="result"><tr class="param"><th>Parameter #1</th></tr><tr class="param stripe"><td>{beneficary_relation=Self, policy=09420 (MEDAVIE), Certificate_number=000000005, Class=01: Sample class description, postal_code=L1C 1E2, Password=Welcome1, Username=bcchase, Member_LastName=Happy-New-Year-Too, City=Toronto, Subdivision=, Adress_type=Home Address, Address_line_1=Temple Street, Member_DOB=01-04-1973, RiskFactor=Risk 1 - YM, Sal_amount=4500.0, Division=001, Employment_type=Full Time Salary, hiredate=01-04-2013, job_titile=SYS ANALYST, Income_freq=Monthly, Plan=0000003827: All Benefits, Province=Ontario, Number_of_hours=40.0, beneficiary_ls=HSTESTCMTESTFOURZ, Designated date=01-01-2000, Runmode=N, Province_of_Billing=Ontario, Country=Canada, correspondence_laun=English, Occupation_code=YA-Construction, beneficary_percentage=100.0, Column_to_search=Group Legal Name, Result=, Application_date=01-04-2013, Group_Legal_name=NKMBCGRP, Member_Gender=Male, number_of_units=10.0, Family_Category=Single, Member_FirstName=Feliz-Navidad, Browser=Firefox, Income_type=Salary}</td></tr><tr><th>Exception</th></tr><tr><td><div class="stacktrace">org.testng.SkipException: Test case is configured as No
	at com.maax.businessmanager.util.TestBase.checkrunmodes(TestBase.java:79)
	at com.maax.businessmanager.util.TestBase.init(TestBase.java:56)
	at com.maax.businessmanager.common.Certificate_Add.certificateadd(Certificate_Add.java:22)
	at sun.reflect.NativeMethodAccessorImpl.invoke0(Native Method)
	at sun.reflect.NativeMethodAccessorImpl.invoke(Unknown Source)
	at sun.reflect.DelegatingMethodAccessorImpl.invoke(Unknown Source)
	at java.lang.reflect.Method.invoke(Unknown Source)
	at org.testng.internal.MethodInvocationHelper.invokeMethod(MethodInvocationHelper.java:84)
	at org.testng.internal.Invoker.invokeMethod(Invoker.java:714)
	at org.testng.internal.Invoker.invokeTestMethod(Invoker.java:901)
	at org.testng.internal.Invoker.invokeTestMethods(Invoker.java:1231)
	at org.testng.internal.TestMethodWorker.invokeTestMethods(TestMethodWorker.java:127)
	at org.testng.internal.TestMethodWorker.run(TestMethodWorker.java:111)
	at org.testng.TestRunner.privateRun(TestRunner.java:767)
	at org.testng.TestRunner.run(TestRunner.java:617)
	at org.testng.SuiteRunner.runTest(SuiteRunner.java:334)
	at org.testng.SuiteRunner.runSequentially(SuiteRunner.java:329)
	at org.testng.SuiteRunner.privateRun(SuiteRunner.java:291)
	at org.testng.SuiteRunner.run(SuiteRunner.java:240)
	at org.testng.SuiteRunnerWorker.runSuite(SuiteRunnerWorker.java:52)
	at org.testng.SuiteRunnerWorker.run(SuiteRunnerWorker.java:86)
	at org.testng.TestNG.runSuitesSequentially(TestNG.java:1224)
	at org.testng.TestNG.runSuitesLocally(TestNG.java:1149)
	at org.testng.TestNG.run(TestNG.java:1057)
	at org.testng.remote.RemoteTestNG.run(RemoteTestNG.java:111)
	at org.testng.remote.RemoteTestNG.initAndRun(RemoteTestNG.java:204)
	at org.testng.remote.RemoteTestNG.main(RemoteTestNG.java:175)
</div></td></tr></table><p class="totop"><a href="#summary">back to summary</a></p></body></html>